Nothing to build in platform 'mpsoc_ps_uart_platform'

18:25:14 **** Build of configuration Debug for project mpsoc_ps_uart_app ****
make all 
make --no-print-directory pre-build
a9-linaro-pre-build-step
 
make --no-print-directory main-build
Building file: ../src/helloworld.c
Invoking: ARM v7 gcc compiler
arm-none-eabi-gcc -Wall -O0 -g3 -c -fmessage-length=0 -MT"src/helloworld.o" -mcpu=cortex-a9 -mfpu=vfpv3 -mfloat-abi=hard -I/home/varun/coding/fpga/xylinx/pynq_z1/mpsoc_ps_uart/sw/mpsoc_ps_uart_platform/export/mpsoc_ps_uart_platform/sw/mpsoc_ps_uart_platform/standalone_domain/bspinclude/include -MMD -MP -MF"src/helloworld.d" -MT"src/helloworld.o" -o "src/helloworld.o" "../src/helloworld.c"
Finished building: ../src/helloworld.c
 
Building file: ../src/platform.c
Invoking: ARM v7 gcc compiler
arm-none-eabi-gcc -Wall -O0 -g3 -c -fmessage-length=0 -MT"src/platform.o" -mcpu=cortex-a9 -mfpu=vfpv3 -mfloat-abi=hard -I/home/varun/coding/fpga/xylinx/pynq_z1/mpsoc_ps_uart/sw/mpsoc_ps_uart_platform/export/mpsoc_ps_uart_platform/sw/mpsoc_ps_uart_platform/standalone_domain/bspinclude/include -MMD -MP -MF"src/platform.d" -MT"src/platform.o" -o "src/platform.o" "../src/platform.c"
Finished building: ../src/platform.c
 
Building target: mpsoc_ps_uart_app.elf
Invoking: ARM v7 gcc linker
arm-none-eabi-gcc -mcpu=cortex-a9 -mfpu=vfpv3 -mfloat-abi=hard -Wl,-build-id=none -specs=Xilinx.spec -Wl,-T -Wl,../src/lscript.ld -L/home/varun/coding/fpga/xylinx/pynq_z1/mpsoc_ps_uart/sw/mpsoc_ps_uart_platform/export/mpsoc_ps_uart_platform/sw/mpsoc_ps_uart_platform/standalone_domain/bsplib/lib -o "mpsoc_ps_uart_app.elf"  ./src/helloworld.o ./src/platform.o   -Wl,--start-group,-lxil,-lgcc,-lc,--end-group
Finished building target: mpsoc_ps_uart_app.elf
 
Invoking: ARM v7 Print Size
arm-none-eabi-size mpsoc_ps_uart_app.elf  |tee "mpsoc_ps_uart_app.elf.size"
   text	   data	    bss	    dec	    hex	filename
  19064	   1144	  22568	  42776	   a718	mpsoc_ps_uart_app.elf
Finished building: mpsoc_ps_uart_app.elf.size
 
18:25:16 **** Build of configuration Debug for project mpsoc_ps_uart_system ****
make all 
Generating bif file for the system project
Executing command '::scw::generate_bif -xpfm /home/varun/coding/fpga/xylinx/pynq_z1/mpsoc_ps_uart/sw/mpsoc_ps_uart_platform/export/mpsoc_ps_uart_platform/mpsoc_ps_uart_platform.xpfm -domains standalone_domain -bifpath /home/varun/coding/fpga/xylinx/pynq_z1/mpsoc_ps_uart/sw/mpsoc_ps_uart_system/Debug/system.bif' on XSCT
sdcard_gen --xpfm /home/varun/coding/fpga/xylinx/pynq_z1/mpsoc_ps_uart/sw/mpsoc_ps_uart_platform/export/mpsoc_ps_uart_platform/mpsoc_ps_uart_platform.xpfm --sys_config mpsoc_ps_uart_platform --bif /home/varun/coding/fpga/xylinx/pynq_z1/mpsoc_ps_uart/sw/mpsoc_ps_uart_system/Debug/system.bif --bitstream /home/varun/coding/fpga/xylinx/pynq_z1/mpsoc_ps_uart/sw/mpsoc_ps_uart_app/_ide/bitstream/mpsoc_ps_uart_hw_export.bit --elf /home/varun/coding/fpga/xylinx/pynq_z1/mpsoc_ps_uart/sw/mpsoc_ps_uart_app/Debug/mpsoc_ps_uart_app.elf,ps7_cortexa9_0
creating BOOT.BIN using /home/varun/coding/fpga/xylinx/pynq_z1/mpsoc_ps_uart/sw/mpsoc_ps_uart_app/_ide/bitstream/mpsoc_ps_uart_hw_export.bit
Running /home/varun/tools/XilinX/Vitis/2020.2/bin/bootgen  -image /home/varun/coding/fpga/xylinx/pynq_z1/mpsoc_ps_uart/sw/mpsoc_ps_uart_system/Debug/sd_card_temp/boot.bif -w -o i BOOT.BIN
