
*** Running vivado
    with args -log design_1_wrapper.vdi -applog -m64 -product Vivado -messageDb vivado.pb -mode batch -source design_1_wrapper.tcl -notrace


****** Vivado v2020.2 (64-bit)
  **** SW Build 3064766 on Wed Nov 18 09:12:47 MST 2020
  **** IP Build 3064653 on Wed Nov 18 14:17:31 MST 2020
    ** Copyright 1986-2020 Xilinx, Inc. All Rights Reserved.

source design_1_wrapper.tcl -notrace
INFO: [IP_Flow 19-234] Refreshing IP repositories
INFO: [IP_Flow 19-1704] No user IP repositories specified
INFO: [IP_Flow 19-2313] Loaded Vivado IP repository '/home/varun/tools/XilinX/Vivado/2020.2/data/ip'.
Command: link_design -top design_1_wrapper -part xc7z020clg400-1
Design is defaulting to srcset: sources_1
Design is defaulting to constrset: constrs_1
INFO: [Device 21-403] Loading part xc7z020clg400-1
INFO: [Project 1-454] Reading design checkpoint '/home/varun/coding/fpga/xylinx/pynq_z1/mpsoc_uart_loop/mpsoc_uart_loop.gen/sources_1/bd/design_1/ip/design_1_processing_system7_0_0/design_1_processing_system7_0_0.dcp' for cell 'design_1_i/processing_system7_0'
Netlist sorting complete. Time (s): cpu = 00:00:00.01 ; elapsed = 00:00:00.01 . Memory (MB): peak = 2389.871 ; gain = 0.000 ; free physical = 1198 ; free virtual = 2886
INFO: [Project 1-479] Netlist was created with Vivado 2020.2
INFO: [Project 1-570] Preparing netlist for logic optimization
Parsing XDC File [/home/varun/coding/fpga/xylinx/pynq_z1/mpsoc_uart_loop/mpsoc_uart_loop.gen/sources_1/bd/design_1/ip/design_1_processing_system7_0_0/design_1_processing_system7_0_0.xdc] for cell 'design_1_i/processing_system7_0/inst'
Finished Parsing XDC File [/home/varun/coding/fpga/xylinx/pynq_z1/mpsoc_uart_loop/mpsoc_uart_loop.gen/sources_1/bd/design_1/ip/design_1_processing_system7_0_0/design_1_processing_system7_0_0.xdc] for cell 'design_1_i/processing_system7_0/inst'
Parsing XDC File [/home/varun/coding/fpga/xylinx/pynq_z1/mpsoc_uart_loop/mpsoc_uart_loop.srcs/constrs_1/new/pynqz1.xdc]
Finished Parsing XDC File [/home/varun/coding/fpga/xylinx/pynq_z1/mpsoc_uart_loop/mpsoc_uart_loop.srcs/constrs_1/new/pynqz1.xdc]
INFO: [Opt 31-138] Pushed 0 inverter(s) to 0 load pin(s).
Netlist sorting complete. Time (s): cpu = 00:00:00 ; elapsed = 00:00:00 . Memory (MB): peak = 2469.758 ; gain = 0.000 ; free physical = 1343 ; free virtual = 3000
INFO: [Project 1-111] Unisim Transformation Summary:
No Unisim elements were transformed.

9 Infos, 0 Warnings, 0 Critical Warnings and 0 Errors encountered.
link_design completed successfully
link_design: Time (s): cpu = 00:00:12 ; elapsed = 00:00:14 . Memory (MB): peak = 2469.758 ; gain = 80.039 ; free physical = 1343 ; free virtual = 3000
Command: opt_design
Attempting to get a license for feature 'Implementation' and/or device 'xc7z020'
INFO: [Common 17-349] Got license for feature 'Implementation' and/or device 'xc7z020'
Running DRC as a precondition to command opt_design

Starting DRC Task
INFO: [DRC 23-27] Running DRC with 8 threads
INFO: [Project 1-461] DRC finished with 0 Errors
INFO: [Project 1-462] Please refer to the DRC report (report_drc) for more information.

Time (s): cpu = 00:00:02 ; elapsed = 00:00:02 . Memory (MB): peak = 2469.758 ; gain = 0.000 ; free physical = 1336 ; free virtual = 2988

Starting Cache Timing Information Task
INFO: [Timing 38-35] Done setting XDC timing constraints.
Ending Cache Timing Information Task | Checksum: 151bd7ab8

Time (s): cpu = 00:00:10 ; elapsed = 00:00:10 . Memory (MB): peak = 2685.781 ; gain = 216.023 ; free physical = 878 ; free virtual = 2566

Starting Logic Optimization Task

Phase 1 Retarget
INFO: [Opt 31-138] Pushed 0 inverter(s) to 0 load pin(s).
INFO: [Opt 31-49] Retargeted 0 cell(s).
Phase 1 Retarget | Checksum: 12b4f15f1

Time (s): cpu = 00:00:00.04 ; elapsed = 00:00:00.04 . Memory (MB): peak = 2853.750 ; gain = 0.000 ; free physical = 709 ; free virtual = 2397
INFO: [Opt 31-389] Phase Retarget created 0 cells and removed 24 cells

Phase 2 Constant propagation
INFO: [Opt 31-138] Pushed 0 inverter(s) to 0 load pin(s).
Phase 2 Constant propagation | Checksum: 12b4f15f1

Time (s): cpu = 00:00:00.04 ; elapsed = 00:00:00.04 . Memory (MB): peak = 2853.750 ; gain = 0.000 ; free physical = 709 ; free virtual = 2397
INFO: [Opt 31-389] Phase Constant propagation created 0 cells and removed 0 cells

Phase 3 Sweep
Phase 3 Sweep | Checksum: 1aaf07807

Time (s): cpu = 00:00:00.13 ; elapsed = 00:00:00.13 . Memory (MB): peak = 2853.750 ; gain = 0.000 ; free physical = 710 ; free virtual = 2397
INFO: [Opt 31-389] Phase Sweep created 0 cells and removed 0 cells

Phase 4 BUFG optimization
Phase 4 BUFG optimization | Checksum: 1aaf07807

Time (s): cpu = 00:00:00.14 ; elapsed = 00:00:00.14 . Memory (MB): peak = 2853.750 ; gain = 0.000 ; free physical = 711 ; free virtual = 2397
INFO: [Opt 31-662] Phase BUFG optimization created 0 cells of which 0 are BUFGs and removed 0 cells.

Phase 5 Shift Register Optimization
INFO: [Opt 31-1064] SRL Remap converted 0 SRLs to 0 registers and converted 0 registers of register chains to 0 SRLs
Phase 5 Shift Register Optimization | Checksum: 1aaf07807

Time (s): cpu = 00:00:00.14 ; elapsed = 00:00:00.14 . Memory (MB): peak = 2853.750 ; gain = 0.000 ; free physical = 711 ; free virtual = 2398
INFO: [Opt 31-389] Phase Shift Register Optimization created 0 cells and removed 0 cells

Phase 6 Post Processing Netlist
Phase 6 Post Processing Netlist | Checksum: 1aaf07807

Time (s): cpu = 00:00:00.14 ; elapsed = 00:00:00.14 . Memory (MB): peak = 2853.750 ; gain = 0.000 ; free physical = 711 ; free virtual = 2398
INFO: [Opt 31-389] Phase Post Processing Netlist created 0 cells and removed 0 cells
Opt_design Change Summary
=========================


-------------------------------------------------------------------------------------------------------------------------
|  Phase                        |  #Cells created  |  #Cells Removed  |  #Constrained objects preventing optimizations  |
-------------------------------------------------------------------------------------------------------------------------
|  Retarget                     |               0  |              24  |                                              0  |
|  Constant propagation         |               0  |               0  |                                              0  |
|  Sweep                        |               0  |               0  |                                              0  |
|  BUFG optimization            |               0  |               0  |                                              0  |
|  Shift Register Optimization  |               0  |               0  |                                              0  |
|  Post Processing Netlist      |               0  |               0  |                                              0  |
-------------------------------------------------------------------------------------------------------------------------



Starting Connectivity Check Task

Time (s): cpu = 00:00:00 ; elapsed = 00:00:00 . Memory (MB): peak = 2853.750 ; gain = 0.000 ; free physical = 711 ; free virtual = 2398
Ending Logic Optimization Task | Checksum: 106a8355f

Time (s): cpu = 00:00:00.18 ; elapsed = 00:00:00.18 . Memory (MB): peak = 2853.750 ; gain = 0.000 ; free physical = 711 ; free virtual = 2398

Starting Power Optimization Task
INFO: [Pwropt 34-132] Skipping clock gating for clocks with a period < 2.00 ns.
Ending Power Optimization Task | Checksum: 106a8355f

Time (s): cpu = 00:00:00.01 ; elapsed = 00:00:00.01 . Memory (MB): peak = 2859.688 ; gain = 5.938 ; free physical = 710 ; free virtual = 2396

Starting Final Cleanup Task
Ending Final Cleanup Task | Checksum: 106a8355f

Time (s): cpu = 00:00:00 ; elapsed = 00:00:00 . Memory (MB): peak = 2859.688 ; gain = 0.000 ; free physical = 710 ; free virtual = 2396

Starting Netlist Obfuscation Task
Netlist sorting complete. Time (s): cpu = 00:00:00 ; elapsed = 00:00:00 . Memory (MB): peak = 2859.688 ; gain = 0.000 ; free physical = 710 ; free virtual = 2396
Ending Netlist Obfuscation Task | Checksum: 106a8355f

Time (s): cpu = 00:00:00 ; elapsed = 00:00:00 . Memory (MB): peak = 2859.688 ; gain = 0.000 ; free physical = 710 ; free virtual = 2396
INFO: [Common 17-83] Releasing license: Implementation
26 Infos, 0 Warnings, 0 Critical Warnings and 0 Errors encountered.
opt_design completed successfully
opt_design: Time (s): cpu = 00:00:14 ; elapsed = 00:00:14 . Memory (MB): peak = 2859.688 ; gain = 389.930 ; free physical = 710 ; free virtual = 2396
INFO: [Timing 38-480] Writing timing data to binary archive.
Writing placer database...
Writing XDEF routing.
Writing XDEF routing logical nets.
Writing XDEF routing special nets.
Write XDEF Complete: Time (s): cpu = 00:00:00.10 ; elapsed = 00:00:00.03 . Memory (MB): peak = 2905.645 ; gain = 5.938 ; free physical = 707 ; free virtual = 2393
INFO: [Common 17-1381] The checkpoint '/home/varun/coding/fpga/xylinx/pynq_z1/mpsoc_uart_loop/mpsoc_uart_loop.runs/impl_1/design_1_wrapper_opt.dcp' has been generated.
INFO: [runtcl-4] Executing : report_drc -file design_1_wrapper_drc_opted.rpt -pb design_1_wrapper_drc_opted.pb -rpx design_1_wrapper_drc_opted.rpx
Command: report_drc -file design_1_wrapper_drc_opted.rpt -pb design_1_wrapper_drc_opted.pb -rpx design_1_wrapper_drc_opted.rpx
INFO: [IP_Flow 19-1839] IP Catalog is up to date.
INFO: [Timing 38-35] Done setting XDC timing constraints.
INFO: [DRC 23-27] Running DRC with 8 threads
INFO: [Coretcl 2-168] The results of DRC are in file /home/varun/coding/fpga/xylinx/pynq_z1/mpsoc_uart_loop/mpsoc_uart_loop.runs/impl_1/design_1_wrapper_drc_opted.rpt.
report_drc completed successfully
Command: place_design
Attempting to get a license for feature 'Implementation' and/or device 'xc7z020'
INFO: [Common 17-349] Got license for feature 'Implementation' and/or device 'xc7z020'
INFO: [DRC 23-27] Running DRC with 8 threads
INFO: [Vivado_Tcl 4-198] DRC finished with 0 Errors
INFO: [Vivado_Tcl 4-199] Please refer to the DRC report (report_drc) for more information.
Running DRC as a precondition to command place_design
INFO: [DRC 23-27] Running DRC with 8 threads
INFO: [Vivado_Tcl 4-198] DRC finished with 0 Errors
INFO: [Vivado_Tcl 4-199] Please refer to the DRC report (report_drc) for more information.

Starting Placer Task
INFO: [Place 30-611] Multithreading enabled for place_design using a maximum of 8 CPUs

Phase 1 Placer Initialization

Phase 1.1 Placer Initialization Netlist Sorting
Netlist sorting complete. Time (s): cpu = 00:00:00 ; elapsed = 00:00:00.01 . Memory (MB): peak = 3081.961 ; gain = 0.000 ; free physical = 712 ; free virtual = 2386
Phase 1.1 Placer Initialization Netlist Sorting | Checksum: f91a22c5

Time (s): cpu = 00:00:00.02 ; elapsed = 00:00:00.04 . Memory (MB): peak = 3081.961 ; gain = 0.000 ; free physical = 712 ; free virtual = 2386
Netlist sorting complete. Time (s): cpu = 00:00:00 ; elapsed = 00:00:00 . Memory (MB): peak = 3081.961 ; gain = 0.000 ; free physical = 712 ; free virtual = 2385

Phase 1.2 IO Placement/ Clock Placement/ Build Placer Device
Phase 1.2 IO Placement/ Clock Placement/ Build Placer Device | Checksum: f91a22c5

Time (s): cpu = 00:00:00.91 ; elapsed = 00:00:00.48 . Memory (MB): peak = 3081.961 ; gain = 0.000 ; free physical = 712 ; free virtual = 2389

Phase 1.3 Build Placer Netlist Model
Phase 1.3 Build Placer Netlist Model | Checksum: 1d35615df

Time (s): cpu = 00:00:01 ; elapsed = 00:00:00.57 . Memory (MB): peak = 3081.961 ; gain = 0.000 ; free physical = 710 ; free virtual = 2388

Phase 1.4 Constrain Clocks/Macros
Phase 1.4 Constrain Clocks/Macros | Checksum: 1d35615df

Time (s): cpu = 00:00:01 ; elapsed = 00:00:00.58 . Memory (MB): peak = 3081.961 ; gain = 0.000 ; free physical = 709 ; free virtual = 2388
Phase 1 Placer Initialization | Checksum: 1d35615df

Time (s): cpu = 00:00:01 ; elapsed = 00:00:00.58 . Memory (MB): peak = 3081.961 ; gain = 0.000 ; free physical = 709 ; free virtual = 2388

Phase 2 Final Placement Cleanup
Netlist sorting complete. Time (s): cpu = 00:00:00 ; elapsed = 00:00:00 . Memory (MB): peak = 3081.961 ; gain = 0.000 ; free physical = 709 ; free virtual = 2388

Time (s): cpu = 00:00:01 ; elapsed = 00:00:00.58 . Memory (MB): peak = 3081.961 ; gain = 0.000 ; free physical = 709 ; free virtual = 2388
INFO: [Place 30-281] No place-able instance is found; design doesn't contain any instance or all instances are placed
Ending Placer Task | Checksum: f91a22c5

Time (s): cpu = 00:00:01 ; elapsed = 00:00:00.58 . Memory (MB): peak = 3081.961 ; gain = 0.000 ; free physical = 708 ; free virtual = 2387
INFO: [Common 17-83] Releasing license: Implementation
43 Infos, 0 Warnings, 0 Critical Warnings and 0 Errors encountered.
place_design completed successfully
INFO: [Timing 38-480] Writing timing data to binary archive.
Writing placer database...
Writing XDEF routing.
Writing XDEF routing logical nets.
Writing XDEF routing special nets.
Write XDEF Complete: Time (s): cpu = 00:00:00.19 ; elapsed = 00:00:00.05 . Memory (MB): peak = 3081.961 ; gain = 0.000 ; free physical = 705 ; free virtual = 2386
INFO: [Common 17-1381] The checkpoint '/home/varun/coding/fpga/xylinx/pynq_z1/mpsoc_uart_loop/mpsoc_uart_loop.runs/impl_1/design_1_wrapper_placed.dcp' has been generated.
INFO: [runtcl-4] Executing : report_io -file design_1_wrapper_io_placed.rpt
report_io: Time (s): cpu = 00:00:00.13 ; elapsed = 00:00:00.23 . Memory (MB): peak = 3081.961 ; gain = 0.000 ; free physical = 696 ; free virtual = 2376
INFO: [runtcl-4] Executing : report_utilization -file design_1_wrapper_utilization_placed.rpt -pb design_1_wrapper_utilization_placed.pb
INFO: [runtcl-4] Executing : report_control_sets -verbose -file design_1_wrapper_control_sets_placed.rpt
report_control_sets: Time (s): cpu = 00:00:00.06 ; elapsed = 00:00:00.13 . Memory (MB): peak = 3081.961 ; gain = 0.000 ; free physical = 704 ; free virtual = 2385
Command: phys_opt_design
Attempting to get a license for feature 'Implementation' and/or device 'xc7z020'
INFO: [Common 17-349] Got license for feature 'Implementation' and/or device 'xc7z020'
INFO: [Vivado_Tcl 4-241] Physical synthesis in post route mode ( 98.5% nets are fully routed)
INFO: [Vivado_Tcl 4-235] No timing constraint found. The netlist was not modified.
INFO: [Common 17-83] Releasing license: Implementation
52 Infos, 0 Warnings, 0 Critical Warnings and 0 Errors encountered.
phys_opt_design completed successfully
INFO: [Timing 38-480] Writing timing data to binary archive.
Writing placer database...
Writing XDEF routing.
Writing XDEF routing logical nets.
Writing XDEF routing special nets.
Write XDEF Complete: Time (s): cpu = 00:00:00.09 ; elapsed = 00:00:00.02 . Memory (MB): peak = 3081.961 ; gain = 0.000 ; free physical = 695 ; free virtual = 2377
INFO: [Common 17-1381] The checkpoint '/home/varun/coding/fpga/xylinx/pynq_z1/mpsoc_uart_loop/mpsoc_uart_loop.runs/impl_1/design_1_wrapper_physopt.dcp' has been generated.
Command: route_design
Attempting to get a license for feature 'Implementation' and/or device 'xc7z020'
INFO: [Common 17-349] Got license for feature 'Implementation' and/or device 'xc7z020'
Running DRC as a precondition to command route_design
INFO: [DRC 23-27] Running DRC with 8 threads
INFO: [Vivado_Tcl 4-198] DRC finished with 0 Errors
INFO: [Vivado_Tcl 4-199] Please refer to the DRC report (report_drc) for more information.


Starting Routing Task
INFO: [Route 35-254] Multithreading enabled for route_design using a maximum of 8 CPUs
Checksum: PlaceDB: 414b8444 ConstDB: 0 ShapeSum: b7ce9e81 RouteDB: 0

Phase 1 Build RT Design
Phase 1 Build RT Design | Checksum: 18b6b1a51

Time (s): cpu = 00:00:21 ; elapsed = 00:00:16 . Memory (MB): peak = 3081.961 ; gain = 0.000 ; free physical = 575 ; free virtual = 2257
Post Restoration Checksum: NetGraph: c9533094 NumContArr: c217e9bd Constraints: 0 Timing: 0

Phase 2 Router Initialization
INFO: [Route 35-64] No timing constraints were detected. The router will operate in resource-optimization mode.

Phase 2.1 Fix Topology Constraints
Phase 2.1 Fix Topology Constraints | Checksum: 18b6b1a51

Time (s): cpu = 00:00:21 ; elapsed = 00:00:16 . Memory (MB): peak = 3081.961 ; gain = 0.000 ; free physical = 541 ; free virtual = 2224

Phase 2.2 Pre Route Cleanup
Phase 2.2 Pre Route Cleanup | Checksum: 18b6b1a51

Time (s): cpu = 00:00:21 ; elapsed = 00:00:16 . Memory (MB): peak = 3081.961 ; gain = 0.000 ; free physical = 541 ; free virtual = 2224
 Number of Nodes with overlaps = 0
Phase 2 Router Initialization | Checksum: 1c16fdd63

Time (s): cpu = 00:00:21 ; elapsed = 00:00:16 . Memory (MB): peak = 3093.559 ; gain = 11.598 ; free physical = 535 ; free virtual = 2219

Router Utilization Summary
  Global Vertical Routing Utilization    = 0 %
  Global Horizontal Routing Utilization  = 0 %
  Routable Net Status*
  *Does not include unroutable nets such as driverless and loadless.
  Run report_route_status for detailed report.
  Number of Failed Nets               = 132
    (Failed Nets is the sum of unrouted and partially routed nets)
  Number of Unrouted Nets             = 132
  Number of Partially Routed Nets     = 0
  Number of Node Overlaps             = 0


Phase 3 Initial Routing

Phase 3.1 Global Routing
Phase 3.1 Global Routing | Checksum: 1c16fdd63

Time (s): cpu = 00:00:21 ; elapsed = 00:00:17 . Memory (MB): peak = 3095.559 ; gain = 13.598 ; free physical = 534 ; free virtual = 2218
 Number of Nodes with overlaps = 0
Phase 3 Initial Routing | Checksum: b056a712

Time (s): cpu = 00:00:22 ; elapsed = 00:00:17 . Memory (MB): peak = 3095.559 ; gain = 13.598 ; free physical = 533 ; free virtual = 2217

Phase 4 Rip-up And Reroute

Phase 4.1 Global Iteration 0
Phase 4.1 Global Iteration 0 | Checksum: b056a712

Time (s): cpu = 00:00:22 ; elapsed = 00:00:17 . Memory (MB): peak = 3095.559 ; gain = 13.598 ; free physical = 533 ; free virtual = 2217
Phase 4 Rip-up And Reroute | Checksum: b056a712

Time (s): cpu = 00:00:22 ; elapsed = 00:00:17 . Memory (MB): peak = 3095.559 ; gain = 13.598 ; free physical = 533 ; free virtual = 2217

Phase 5 Delay and Skew Optimization
Phase 5 Delay and Skew Optimization | Checksum: b056a712

Time (s): cpu = 00:00:22 ; elapsed = 00:00:17 . Memory (MB): peak = 3095.559 ; gain = 13.598 ; free physical = 533 ; free virtual = 2217

Phase 6 Post Hold Fix

Phase 6.1 Hold Fix Iter
Phase 6.1 Hold Fix Iter | Checksum: b056a712

Time (s): cpu = 00:00:22 ; elapsed = 00:00:17 . Memory (MB): peak = 3095.559 ; gain = 13.598 ; free physical = 533 ; free virtual = 2217
Phase 6 Post Hold Fix | Checksum: b056a712

Time (s): cpu = 00:00:22 ; elapsed = 00:00:17 . Memory (MB): peak = 3095.559 ; gain = 13.598 ; free physical = 533 ; free virtual = 2217

Phase 7 Route finalize

Router Utilization Summary
  Global Vertical Routing Utilization    = 0.00952677 %
  Global Horizontal Routing Utilization  = 0.0114097 %
  Routable Net Status*
  *Does not include unroutable nets such as driverless and loadless.
  Run report_route_status for detailed report.
  Number of Failed Nets               = 0
    (Failed Nets is the sum of unrouted and partially routed nets)
  Number of Unrouted Nets             = 0
  Number of Partially Routed Nets     = 0
  Number of Node Overlaps             = 0

Congestion Report
North Dir 1x1 Area, Max Cong = 16.2162%, No Congested Regions.
South Dir 1x1 Area, Max Cong = 16.2162%, No Congested Regions.
East Dir 1x1 Area, Max Cong = 17.6471%, No Congested Regions.
West Dir 1x1 Area, Max Cong = 17.6471%, No Congested Regions.

------------------------------
Reporting congestion hotspots
------------------------------
Direction: North
----------------
Congested clusters found at Level 0
Effective congestion level: 0 Aspect Ratio: 1 Sparse Ratio: 0
Direction: South
----------------
Congested clusters found at Level 0
Effective congestion level: 0 Aspect Ratio: 1 Sparse Ratio: 0
Direction: East
----------------
Congested clusters found at Level 0
Effective congestion level: 0 Aspect Ratio: 1 Sparse Ratio: 0
Direction: West
----------------
Congested clusters found at Level 0
Effective congestion level: 0 Aspect Ratio: 1 Sparse Ratio: 0

Phase 7 Route finalize | Checksum: b056a712

Time (s): cpu = 00:00:22 ; elapsed = 00:00:17 . Memory (MB): peak = 3095.559 ; gain = 13.598 ; free physical = 533 ; free virtual = 2217

Phase 8 Verifying routed nets

 Verification completed successfully
Phase 8 Verifying routed nets | Checksum: b056a712

Time (s): cpu = 00:00:22 ; elapsed = 00:00:17 . Memory (MB): peak = 3095.559 ; gain = 13.598 ; free physical = 532 ; free virtual = 2216

Phase 9 Depositing Routes
Phase 9 Depositing Routes | Checksum: b056a712

Time (s): cpu = 00:00:22 ; elapsed = 00:00:17 . Memory (MB): peak = 3127.574 ; gain = 45.613 ; free physical = 532 ; free virtual = 2215
INFO: [Route 35-16] Router Completed Successfully

Time (s): cpu = 00:00:22 ; elapsed = 00:00:17 . Memory (MB): peak = 3127.574 ; gain = 45.613 ; free physical = 569 ; free virtual = 2253

Routing Is Done.
INFO: [Common 17-83] Releasing license: Implementation
62 Infos, 0 Warnings, 0 Critical Warnings and 0 Errors encountered.
route_design completed successfully
route_design: Time (s): cpu = 00:00:24 ; elapsed = 00:00:18 . Memory (MB): peak = 3127.574 ; gain = 45.613 ; free physical = 569 ; free virtual = 2253
INFO: [Timing 38-480] Writing timing data to binary archive.
Writing placer database...
Writing XDEF routing.
Writing XDEF routing logical nets.
Writing XDEF routing special nets.
Write XDEF Complete: Time (s): cpu = 00:00:00.11 ; elapsed = 00:00:00.03 . Memory (MB): peak = 3127.574 ; gain = 0.000 ; free physical = 562 ; free virtual = 2248
INFO: [Common 17-1381] The checkpoint '/home/varun/coding/fpga/xylinx/pynq_z1/mpsoc_uart_loop/mpsoc_uart_loop.runs/impl_1/design_1_wrapper_routed.dcp' has been generated.
INFO: [runtcl-4] Executing : report_drc -file design_1_wrapper_drc_routed.rpt -pb design_1_wrapper_drc_routed.pb -rpx design_1_wrapper_drc_routed.rpx
Command: report_drc -file design_1_wrapper_drc_routed.rpt -pb design_1_wrapper_drc_routed.pb -rpx design_1_wrapper_drc_routed.rpx
INFO: [IP_Flow 19-1839] IP Catalog is up to date.
INFO: [DRC 23-27] Running DRC with 8 threads
INFO: [Coretcl 2-168] The results of DRC are in file /home/varun/coding/fpga/xylinx/pynq_z1/mpsoc_uart_loop/mpsoc_uart_loop.runs/impl_1/design_1_wrapper_drc_routed.rpt.
report_drc completed successfully
INFO: [runtcl-4] Executing : report_methodology -file design_1_wrapper_methodology_drc_routed.rpt -pb design_1_wrapper_methodology_drc_routed.pb -rpx design_1_wrapper_methodology_drc_routed.rpx
Command: report_methodology -file design_1_wrapper_methodology_drc_routed.rpt -pb design_1_wrapper_methodology_drc_routed.pb -rpx design_1_wrapper_methodology_drc_routed.rpx
INFO: [Timing 38-35] Done setting XDC timing constraints.
INFO: [DRC 23-133] Running Methodology with 8 threads
INFO: [Coretcl 2-1520] The results of Report Methodology are in file /home/varun/coding/fpga/xylinx/pynq_z1/mpsoc_uart_loop/mpsoc_uart_loop.runs/impl_1/design_1_wrapper_methodology_drc_routed.rpt.
report_methodology completed successfully
INFO: [runtcl-4] Executing : report_power -file design_1_wrapper_power_routed.rpt -pb design_1_wrapper_power_summary_routed.pb -rpx design_1_wrapper_power_routed.rpx
Command: report_power -file design_1_wrapper_power_routed.rpt -pb design_1_wrapper_power_summary_routed.pb -rpx design_1_wrapper_power_routed.rpx
INFO: [Timing 38-35] Done setting XDC timing constraints.
WARNING: [Power 33-232] No user defined clocks were found in the design! Power estimation will be inaccurate until this is corrected.
Resolution: Please specify clocks using create_clock/create_generated_clock for sequential elements. For pure combinatorial circuits, please specify a virtual clock, otherwise the vectorless estimation might be inaccurate
Running Vector-less Activity Propagation...

Finished Running Vector-less Activity Propagation
74 Infos, 1 Warnings, 0 Critical Warnings and 0 Errors encountered.
report_power completed successfully
INFO: [runtcl-4] Executing : report_route_status -file design_1_wrapper_route_status.rpt -pb design_1_wrapper_route_status.pb
INFO: [runtcl-4] Executing : report_timing_summary -max_paths 10 -file design_1_wrapper_timing_summary_routed.rpt -pb design_1_wrapper_timing_summary_routed.pb -rpx design_1_wrapper_timing_summary_routed.rpx -warn_on_violation 
INFO: [Timing 38-91] UpdateTimingParams: Speed grade: -1, Delay Type: min_max.
INFO: [Timing 38-191] Multithreading enabled for timing update using a maximum of 8 CPUs
WARNING: [Timing 38-313] There are no user specified timing constraints. Timing constraints are needed for proper timing analysis.
INFO: [runtcl-4] Executing : report_incremental_reuse -file design_1_wrapper_incremental_reuse_routed.rpt
INFO: [Vivado_Tcl 4-1062] Incremental flow is disabled. No incremental reuse Info to report.
INFO: [runtcl-4] Executing : report_clock_utilization -file design_1_wrapper_clock_utilization_routed.rpt
INFO: [runtcl-4] Executing : report_bus_skew -warn_on_violation -file design_1_wrapper_bus_skew_routed.rpt -pb design_1_wrapper_bus_skew_routed.pb -rpx design_1_wrapper_bus_skew_routed.rpx
INFO: [Timing 38-91] UpdateTimingParams: Speed grade: -1, Delay Type: min_max.
INFO: [Timing 38-191] Multithreading enabled for timing update using a maximum of 8 CPUs
Command: write_bitstream -force design_1_wrapper.bit
Attempting to get a license for feature 'Implementation' and/or device 'xc7z020'
INFO: [Common 17-349] Got license for feature 'Implementation' and/or device 'xc7z020'
Running DRC as a precondition to command write_bitstream
INFO: [IP_Flow 19-1839] IP Catalog is up to date.
INFO: [DRC 23-27] Running DRC with 8 threads
INFO: [Vivado 12-3199] DRC finished with 0 Errors
INFO: [Vivado 12-3200] Please refer to the DRC report (report_drc) for more information.
INFO: [Designutils 20-2272] Running write_bitstream with 8 threads.
Loading data files...
Loading site data...
Loading route data...
Processing options...
Creating bitmap...
Creating bitstream...
Writing bitstream ./design_1_wrapper.bit...
INFO: [Vivado 12-1842] Bitgen Completed Successfully.
INFO: [Project 1-120] WebTalk data collection is mandatory when using a WebPACK part without a full Vivado license. To see the specific WebTalk data collected for your design, open the usage_statistics_webtalk.html or usage_statistics_webtalk.xml file in the implementation directory.
INFO: [Common 17-186] '/home/varun/coding/fpga/xylinx/pynq_z1/mpsoc_uart_loop/mpsoc_uart_loop.runs/impl_1/usage_statistics_webtalk.xml' has been successfully sent to Xilinx on Sat Jun 12 18:39:31 2021. For additional details about this file, please refer to the WebTalk help file at /home/varun/tools/XilinX/Vivado/2020.2/doc/webtalk_introduction.html.
INFO: [Common 17-83] Releasing license: Implementation
13 Infos, 0 Warnings, 0 Critical Warnings and 0 Errors encountered.
write_bitstream completed successfully
write_bitstream: Time (s): cpu = 00:00:14 ; elapsed = 00:00:19 . Memory (MB): peak = 3501.797 ; gain = 218.973 ; free physical = 529 ; free virtual = 2227
INFO: [Common 17-206] Exiting Vivado at Sat Jun 12 18:39:31 2021...
