
*** Running vivado
    with args -log design_1_wrapper.vdi -applog -m64 -product Vivado -messageDb vivado.pb -mode batch -source design_1_wrapper.tcl -notrace


****** Vivado v2020.2 (64-bit)
  **** SW Build 3064766 on Wed Nov 18 09:12:47 MST 2020
  **** IP Build 3064653 on Wed Nov 18 14:17:31 MST 2020
    ** Copyright 1986-2020 Xilinx, Inc. All Rights Reserved.

source design_1_wrapper.tcl -notrace
INFO: [IP_Flow 19-234] Refreshing IP repositories
INFO: [IP_Flow 19-1704] No user IP repositories specified
INFO: [IP_Flow 19-2313] Loaded Vivado IP repository '/home/varun/tools/XilinX/Vivado/2020.2/data/ip'.
Command: link_design -top design_1_wrapper -part xc7z020clg400-1
Design is defaulting to srcset: sources_1
Design is defaulting to constrset: constrs_1
INFO: [Device 21-403] Loading part xc7z020clg400-1
INFO: [Project 1-454] Reading design checkpoint '/home/varun/coding/fpga/xylinx/pynq_z1/mpsoc_axi_gpio/mpsoc_axi_gpio.gen/sources_1/bd/design_1/ip/design_1_axi_gpio_0_0/design_1_axi_gpio_0_0.dcp' for cell 'design_1_i/axi_gpio_0'
INFO: [Project 1-454] Reading design checkpoint '/home/varun/coding/fpga/xylinx/pynq_z1/mpsoc_axi_gpio/mpsoc_axi_gpio.gen/sources_1/bd/design_1/ip/design_1_processing_system7_0_0/design_1_processing_system7_0_0.dcp' for cell 'design_1_i/processing_system7_0'
INFO: [Project 1-454] Reading design checkpoint '/home/varun/coding/fpga/xylinx/pynq_z1/mpsoc_axi_gpio/mpsoc_axi_gpio.gen/sources_1/bd/design_1/ip/design_1_rst_ps7_0_100M_0/design_1_rst_ps7_0_100M_0.dcp' for cell 'design_1_i/rst_ps7_0_100M'
INFO: [Project 1-454] Reading design checkpoint '/home/varun/coding/fpga/xylinx/pynq_z1/mpsoc_axi_gpio/mpsoc_axi_gpio.gen/sources_1/bd/design_1/ip/design_1_auto_pc_0/design_1_auto_pc_0.dcp' for cell 'design_1_i/ps7_0_axi_periph/s00_couplers/auto_pc'
Netlist sorting complete. Time (s): cpu = 00:00:00.03 ; elapsed = 00:00:00.03 . Memory (MB): peak = 2389.867 ; gain = 0.000 ; free physical = 1241 ; free virtual = 2948
INFO: [Netlist 29-17] Analyzing 18 Unisim elements for replacement
INFO: [Netlist 29-28] Unisim Transformation completed in 0 CPU seconds
INFO: [Project 1-479] Netlist was created with Vivado 2020.2
INFO: [Project 1-570] Preparing netlist for logic optimization
Parsing XDC File [/home/varun/coding/fpga/xylinx/pynq_z1/mpsoc_axi_gpio/mpsoc_axi_gpio.gen/sources_1/bd/design_1/ip/design_1_processing_system7_0_0/design_1_processing_system7_0_0.xdc] for cell 'design_1_i/processing_system7_0/inst'
Finished Parsing XDC File [/home/varun/coding/fpga/xylinx/pynq_z1/mpsoc_axi_gpio/mpsoc_axi_gpio.gen/sources_1/bd/design_1/ip/design_1_processing_system7_0_0/design_1_processing_system7_0_0.xdc] for cell 'design_1_i/processing_system7_0/inst'
Parsing XDC File [/home/varun/coding/fpga/xylinx/pynq_z1/mpsoc_axi_gpio/mpsoc_axi_gpio.gen/sources_1/bd/design_1/ip/design_1_axi_gpio_0_0/design_1_axi_gpio_0_0_board.xdc] for cell 'design_1_i/axi_gpio_0/U0'
Finished Parsing XDC File [/home/varun/coding/fpga/xylinx/pynq_z1/mpsoc_axi_gpio/mpsoc_axi_gpio.gen/sources_1/bd/design_1/ip/design_1_axi_gpio_0_0/design_1_axi_gpio_0_0_board.xdc] for cell 'design_1_i/axi_gpio_0/U0'
Parsing XDC File [/home/varun/coding/fpga/xylinx/pynq_z1/mpsoc_axi_gpio/mpsoc_axi_gpio.gen/sources_1/bd/design_1/ip/design_1_axi_gpio_0_0/design_1_axi_gpio_0_0.xdc] for cell 'design_1_i/axi_gpio_0/U0'
Finished Parsing XDC File [/home/varun/coding/fpga/xylinx/pynq_z1/mpsoc_axi_gpio/mpsoc_axi_gpio.gen/sources_1/bd/design_1/ip/design_1_axi_gpio_0_0/design_1_axi_gpio_0_0.xdc] for cell 'design_1_i/axi_gpio_0/U0'
Parsing XDC File [/home/varun/coding/fpga/xylinx/pynq_z1/mpsoc_axi_gpio/mpsoc_axi_gpio.gen/sources_1/bd/design_1/ip/design_1_rst_ps7_0_100M_0/design_1_rst_ps7_0_100M_0_board.xdc] for cell 'design_1_i/rst_ps7_0_100M/U0'
Finished Parsing XDC File [/home/varun/coding/fpga/xylinx/pynq_z1/mpsoc_axi_gpio/mpsoc_axi_gpio.gen/sources_1/bd/design_1/ip/design_1_rst_ps7_0_100M_0/design_1_rst_ps7_0_100M_0_board.xdc] for cell 'design_1_i/rst_ps7_0_100M/U0'
Parsing XDC File [/home/varun/coding/fpga/xylinx/pynq_z1/mpsoc_axi_gpio/mpsoc_axi_gpio.gen/sources_1/bd/design_1/ip/design_1_rst_ps7_0_100M_0/design_1_rst_ps7_0_100M_0.xdc] for cell 'design_1_i/rst_ps7_0_100M/U0'
Finished Parsing XDC File [/home/varun/coding/fpga/xylinx/pynq_z1/mpsoc_axi_gpio/mpsoc_axi_gpio.gen/sources_1/bd/design_1/ip/design_1_rst_ps7_0_100M_0/design_1_rst_ps7_0_100M_0.xdc] for cell 'design_1_i/rst_ps7_0_100M/U0'
Parsing XDC File [/home/varun/coding/fpga/xylinx/pynq_z1/mpsoc_axi_gpio/mpsoc_axi_gpio.srcs/constrs_1/new/pynqz1.xdc]
Finished Parsing XDC File [/home/varun/coding/fpga/xylinx/pynq_z1/mpsoc_axi_gpio/mpsoc_axi_gpio.srcs/constrs_1/new/pynqz1.xdc]
INFO: [Opt 31-138] Pushed 0 inverter(s) to 0 load pin(s).
Netlist sorting complete. Time (s): cpu = 00:00:00 ; elapsed = 00:00:00 . Memory (MB): peak = 2557.797 ; gain = 0.000 ; free physical = 1131 ; free virtual = 2847
INFO: [Project 1-111] Unisim Transformation Summary:
No Unisim elements were transformed.

14 Infos, 0 Warnings, 0 Critical Warnings and 0 Errors encountered.
link_design completed successfully
link_design: Time (s): cpu = 00:00:11 ; elapsed = 00:00:12 . Memory (MB): peak = 2557.797 ; gain = 168.082 ; free physical = 1131 ; free virtual = 2847
Command: opt_design
Attempting to get a license for feature 'Implementation' and/or device 'xc7z020'
INFO: [Common 17-349] Got license for feature 'Implementation' and/or device 'xc7z020'
Running DRC as a precondition to command opt_design

Starting DRC Task
INFO: [DRC 23-27] Running DRC with 8 threads
INFO: [Project 1-461] DRC finished with 0 Errors
INFO: [Project 1-462] Please refer to the DRC report (report_drc) for more information.

Time (s): cpu = 00:00:02 ; elapsed = 00:00:01 . Memory (MB): peak = 2557.797 ; gain = 0.000 ; free physical = 1122 ; free virtual = 2839

Starting Cache Timing Information Task
INFO: [Timing 38-35] Done setting XDC timing constraints.
Ending Cache Timing Information Task | Checksum: 1cfab4137

Time (s): cpu = 00:00:08 ; elapsed = 00:00:08 . Memory (MB): peak = 2804.750 ; gain = 246.953 ; free physical = 718 ; free virtual = 2450

Starting Logic Optimization Task

Phase 1 Retarget
INFO: [Opt 31-138] Pushed 0 inverter(s) to 0 load pin(s).
INFO: [Opt 31-49] Retargeted 0 cell(s).
Phase 1 Retarget | Checksum: 26dac5871

Time (s): cpu = 00:00:00.27 ; elapsed = 00:00:00.13 . Memory (MB): peak = 2975.688 ; gain = 0.000 ; free physical = 549 ; free virtual = 2280
INFO: [Opt 31-389] Phase Retarget created 4 cells and removed 29 cells

Phase 2 Constant propagation
INFO: [Opt 31-138] Pushed 0 inverter(s) to 0 load pin(s).
Phase 2 Constant propagation | Checksum: 282c49f10

Time (s): cpu = 00:00:00.32 ; elapsed = 00:00:00.14 . Memory (MB): peak = 2975.688 ; gain = 0.000 ; free physical = 547 ; free virtual = 2278
INFO: [Opt 31-389] Phase Constant propagation created 0 cells and removed 8 cells

Phase 3 Sweep
Phase 3 Sweep | Checksum: 2a3c65996

Time (s): cpu = 00:00:00.49 ; elapsed = 00:00:00.31 . Memory (MB): peak = 2975.688 ; gain = 0.000 ; free physical = 546 ; free virtual = 2278
INFO: [Opt 31-389] Phase Sweep created 4 cells and removed 167 cells

Phase 4 BUFG optimization
Phase 4 BUFG optimization | Checksum: 2a3c65996

Time (s): cpu = 00:00:00.51 ; elapsed = 00:00:00.34 . Memory (MB): peak = 2975.688 ; gain = 0.000 ; free physical = 546 ; free virtual = 2277
INFO: [Opt 31-662] Phase BUFG optimization created 0 cells of which 0 are BUFGs and removed 0 cells.

Phase 5 Shift Register Optimization
INFO: [Opt 31-1064] SRL Remap converted 0 SRLs to 0 registers and converted 0 registers of register chains to 0 SRLs
Phase 5 Shift Register Optimization | Checksum: 2a3c65996

Time (s): cpu = 00:00:00.52 ; elapsed = 00:00:00.34 . Memory (MB): peak = 2975.688 ; gain = 0.000 ; free physical = 545 ; free virtual = 2276
INFO: [Opt 31-389] Phase Shift Register Optimization created 0 cells and removed 0 cells

Phase 6 Post Processing Netlist
Phase 6 Post Processing Netlist | Checksum: 2b5350923

Time (s): cpu = 00:00:00.53 ; elapsed = 00:00:00.36 . Memory (MB): peak = 2975.688 ; gain = 0.000 ; free physical = 543 ; free virtual = 2274
INFO: [Opt 31-389] Phase Post Processing Netlist created 0 cells and removed 0 cells
Opt_design Change Summary
=========================


-------------------------------------------------------------------------------------------------------------------------
|  Phase                        |  #Cells created  |  #Cells Removed  |  #Constrained objects preventing optimizations  |
-------------------------------------------------------------------------------------------------------------------------
|  Retarget                     |               4  |              29  |                                              0  |
|  Constant propagation         |               0  |               8  |                                              0  |
|  Sweep                        |               4  |             167  |                                              0  |
|  BUFG optimization            |               0  |               0  |                                              0  |
|  Shift Register Optimization  |               0  |               0  |                                              0  |
|  Post Processing Netlist      |               0  |               0  |                                              0  |
-------------------------------------------------------------------------------------------------------------------------



Starting Connectivity Check Task

Time (s): cpu = 00:00:00.04 ; elapsed = 00:00:00.01 . Memory (MB): peak = 2975.688 ; gain = 0.000 ; free physical = 541 ; free virtual = 2273
Ending Logic Optimization Task | Checksum: 128d746ce

Time (s): cpu = 00:00:00.66 ; elapsed = 00:00:00.42 . Memory (MB): peak = 2975.688 ; gain = 0.000 ; free physical = 541 ; free virtual = 2273

Starting Power Optimization Task
INFO: [Pwropt 34-132] Skipping clock gating for clocks with a period < 2.00 ns.
Ending Power Optimization Task | Checksum: 128d746ce

Time (s): cpu = 00:00:00.02 ; elapsed = 00:00:00.02 . Memory (MB): peak = 2975.688 ; gain = 0.000 ; free physical = 541 ; free virtual = 2272

Starting Final Cleanup Task
Ending Final Cleanup Task | Checksum: 128d746ce

Time (s): cpu = 00:00:00 ; elapsed = 00:00:00 . Memory (MB): peak = 2975.688 ; gain = 0.000 ; free physical = 541 ; free virtual = 2272

Starting Netlist Obfuscation Task
Netlist sorting complete. Time (s): cpu = 00:00:00 ; elapsed = 00:00:00.01 . Memory (MB): peak = 2975.688 ; gain = 0.000 ; free physical = 541 ; free virtual = 2272
Ending Netlist Obfuscation Task | Checksum: 128d746ce

Time (s): cpu = 00:00:00 ; elapsed = 00:00:00.01 . Memory (MB): peak = 2975.688 ; gain = 0.000 ; free physical = 541 ; free virtual = 2272
INFO: [Common 17-83] Releasing license: Implementation
31 Infos, 0 Warnings, 0 Critical Warnings and 0 Errors encountered.
opt_design completed successfully
opt_design: Time (s): cpu = 00:00:12 ; elapsed = 00:00:12 . Memory (MB): peak = 2975.688 ; gain = 417.891 ; free physical = 541 ; free virtual = 2272
INFO: [Timing 38-480] Writing timing data to binary archive.
Writing placer database...
Writing XDEF routing.
Writing XDEF routing logical nets.
Writing XDEF routing special nets.
Write XDEF Complete: Time (s): cpu = 00:00:00.09 ; elapsed = 00:00:00.03 . Memory (MB): peak = 3015.707 ; gain = 0.000 ; free physical = 534 ; free virtual = 2268
INFO: [Common 17-1381] The checkpoint '/home/varun/coding/fpga/xylinx/pynq_z1/mpsoc_axi_gpio/mpsoc_axi_gpio.runs/impl_1/design_1_wrapper_opt.dcp' has been generated.
INFO: [runtcl-4] Executing : report_drc -file design_1_wrapper_drc_opted.rpt -pb design_1_wrapper_drc_opted.pb -rpx design_1_wrapper_drc_opted.rpx
Command: report_drc -file design_1_wrapper_drc_opted.rpt -pb design_1_wrapper_drc_opted.pb -rpx design_1_wrapper_drc_opted.rpx
INFO: [IP_Flow 19-1839] IP Catalog is up to date.
INFO: [Timing 38-35] Done setting XDC timing constraints.
INFO: [DRC 23-27] Running DRC with 8 threads
INFO: [Coretcl 2-168] The results of DRC are in file /home/varun/coding/fpga/xylinx/pynq_z1/mpsoc_axi_gpio/mpsoc_axi_gpio.runs/impl_1/design_1_wrapper_drc_opted.rpt.
report_drc completed successfully
Command: place_design
Attempting to get a license for feature 'Implementation' and/or device 'xc7z020'
INFO: [Common 17-349] Got license for feature 'Implementation' and/or device 'xc7z020'
INFO: [DRC 23-27] Running DRC with 8 threads
INFO: [Vivado_Tcl 4-198] DRC finished with 0 Errors
INFO: [Vivado_Tcl 4-199] Please refer to the DRC report (report_drc) for more information.
Running DRC as a precondition to command place_design
INFO: [DRC 23-27] Running DRC with 8 threads
INFO: [Vivado_Tcl 4-198] DRC finished with 0 Errors
INFO: [Vivado_Tcl 4-199] Please refer to the DRC report (report_drc) for more information.

Starting Placer Task
INFO: [Place 30-611] Multithreading enabled for place_design using a maximum of 8 CPUs

Phase 1 Placer Initialization

Phase 1.1 Placer Initialization Netlist Sorting
Netlist sorting complete. Time (s): cpu = 00:00:00 ; elapsed = 00:00:00 . Memory (MB): peak = 3212.699 ; gain = 0.000 ; free physical = 500 ; free virtual = 2237
Phase 1.1 Placer Initialization Netlist Sorting | Checksum: df0116da

Time (s): cpu = 00:00:00.02 ; elapsed = 00:00:00.05 . Memory (MB): peak = 3212.699 ; gain = 0.000 ; free physical = 500 ; free virtual = 2236
Netlist sorting complete. Time (s): cpu = 00:00:00 ; elapsed = 00:00:00 . Memory (MB): peak = 3212.699 ; gain = 0.000 ; free physical = 500 ; free virtual = 2236

Phase 1.2 IO Placement/ Clock Placement/ Build Placer Device
Phase 1.2 IO Placement/ Clock Placement/ Build Placer Device | Checksum: bd281173

Time (s): cpu = 00:00:00.95 ; elapsed = 00:00:00.52 . Memory (MB): peak = 3212.699 ; gain = 0.000 ; free physical = 517 ; free virtual = 2257

Phase 1.3 Build Placer Netlist Model
Phase 1.3 Build Placer Netlist Model | Checksum: 1dcd7d320

Time (s): cpu = 00:00:02 ; elapsed = 00:00:00.78 . Memory (MB): peak = 3212.699 ; gain = 0.000 ; free physical = 524 ; free virtual = 2265

Phase 1.4 Constrain Clocks/Macros
Phase 1.4 Constrain Clocks/Macros | Checksum: 1dcd7d320

Time (s): cpu = 00:00:02 ; elapsed = 00:00:00.79 . Memory (MB): peak = 3212.699 ; gain = 0.000 ; free physical = 524 ; free virtual = 2265
Phase 1 Placer Initialization | Checksum: 1dcd7d320

Time (s): cpu = 00:00:02 ; elapsed = 00:00:00.80 . Memory (MB): peak = 3212.699 ; gain = 0.000 ; free physical = 524 ; free virtual = 2265

Phase 2 Global Placement

Phase 2.1 Floorplanning
Phase 2.1 Floorplanning | Checksum: 1988244e5

Time (s): cpu = 00:00:03 ; elapsed = 00:00:01 . Memory (MB): peak = 3212.699 ; gain = 0.000 ; free physical = 518 ; free virtual = 2259

Phase 2.2 Update Timing before SLR Path Opt
Phase 2.2 Update Timing before SLR Path Opt | Checksum: 1b7895aad

Time (s): cpu = 00:00:04 ; elapsed = 00:00:01 . Memory (MB): peak = 3212.699 ; gain = 0.000 ; free physical = 518 ; free virtual = 2260

Phase 2.3 Global Placement Core

Phase 2.3.1 Physical Synthesis In Placer
INFO: [Physopt 32-1035] Found 0 LUTNM shape to break, 15 LUT instances to create LUTNM shape
INFO: [Physopt 32-1044] Break lutnm for timing: one critical 0, two critical 0, total 0, new lutff created 0
INFO: [Physopt 32-775] End 1 Pass. Optimized 6 nets or cells. Created 0 new cell, deleted 6 existing cells and moved 0 existing cell
INFO: [Physopt 32-65] No nets found for high-fanout optimization.
INFO: [Physopt 32-232] Optimized 0 net. Created 0 new instance.
INFO: [Physopt 32-775] End 1 Pass. Optimized 0 net or cell. Created 0 new cell, deleted 0 existing cell and moved 0 existing cell
INFO: [Physopt 32-670] No setup violation found.  DSP Register Optimization was not performed.
INFO: [Physopt 32-670] No setup violation found.  Shift Register to Pipeline Optimization was not performed.
INFO: [Physopt 32-670] No setup violation found.  Shift Register Optimization was not performed.
INFO: [Physopt 32-670] No setup violation found.  BRAM Register Optimization was not performed.
INFO: [Physopt 32-670] No setup violation found.  URAM Register Optimization was not performed.
INFO: [Physopt 32-949] No candidate nets found for dynamic/static region interface net replication
INFO: [Physopt 32-775] End 1 Pass. Optimized 0 net or cell. Created 0 new cell, deleted 0 existing cell and moved 0 existing cell
Netlist sorting complete. Time (s): cpu = 00:00:00 ; elapsed = 00:00:00 . Memory (MB): peak = 3212.699 ; gain = 0.000 ; free physical = 491 ; free virtual = 2236

Summary of Physical Synthesis Optimizations
============================================


-----------------------------------------------------------------------------------------------------------------------------------------------------------
|  Optimization                                     |  Added Cells  |  Removed Cells  |  Optimized Cells/Nets  |  Dont Touch  |  Iterations  |  Elapsed   |
-----------------------------------------------------------------------------------------------------------------------------------------------------------
|  LUT Combining                                    |            0  |              6  |                     6  |           0  |           1  |  00:00:00  |
|  Very High Fanout                                 |            0  |              0  |                     0  |           0  |           1  |  00:00:00  |
|  DSP Register                                     |            0  |              0  |                     0  |           0  |           0  |  00:00:00  |
|  Shift Register to Pipeline                       |            0  |              0  |                     0  |           0  |           0  |  00:00:00  |
|  Shift Register                                   |            0  |              0  |                     0  |           0  |           0  |  00:00:00  |
|  BRAM Register                                    |            0  |              0  |                     0  |           0  |           0  |  00:00:00  |
|  URAM Register                                    |            0  |              0  |                     0  |           0  |           0  |  00:00:00  |
|  Dynamic/Static Region Interface Net Replication  |            0  |              0  |                     0  |           0  |           1  |  00:00:00  |
|  Total                                            |            0  |              6  |                     6  |           0  |           3  |  00:00:00  |
-----------------------------------------------------------------------------------------------------------------------------------------------------------


Phase 2.3.1 Physical Synthesis In Placer | Checksum: 1beb56ba3

Time (s): cpu = 00:00:10 ; elapsed = 00:00:03 . Memory (MB): peak = 3212.699 ; gain = 0.000 ; free physical = 491 ; free virtual = 2236
Phase 2.3 Global Placement Core | Checksum: 11d96a570

Time (s): cpu = 00:00:11 ; elapsed = 00:00:03 . Memory (MB): peak = 3212.699 ; gain = 0.000 ; free physical = 491 ; free virtual = 2236
Phase 2 Global Placement | Checksum: 11d96a570

Time (s): cpu = 00:00:11 ; elapsed = 00:00:03 . Memory (MB): peak = 3212.699 ; gain = 0.000 ; free physical = 491 ; free virtual = 2236

Phase 3 Detail Placement

Phase 3.1 Commit Multi Column Macros
Phase 3.1 Commit Multi Column Macros | Checksum: d844f238

Time (s): cpu = 00:00:11 ; elapsed = 00:00:03 . Memory (MB): peak = 3212.699 ; gain = 0.000 ; free physical = 490 ; free virtual = 2235

Phase 3.2 Commit Most Macros & LUTRAMs
Phase 3.2 Commit Most Macros & LUTRAMs | Checksum: 2005a6868

Time (s): cpu = 00:00:11 ; elapsed = 00:00:03 . Memory (MB): peak = 3212.699 ; gain = 0.000 ; free physical = 484 ; free virtual = 2231

Phase 3.3 Area Swap Optimization
Phase 3.3 Area Swap Optimization | Checksum: 1d7df8de1

Time (s): cpu = 00:00:11 ; elapsed = 00:00:03 . Memory (MB): peak = 3212.699 ; gain = 0.000 ; free physical = 484 ; free virtual = 2230

Phase 3.4 Pipeline Register Optimization
Phase 3.4 Pipeline Register Optimization | Checksum: 15f7c4095

Time (s): cpu = 00:00:11 ; elapsed = 00:00:03 . Memory (MB): peak = 3212.699 ; gain = 0.000 ; free physical = 484 ; free virtual = 2230

Phase 3.5 Small Shape Detail Placement
Phase 3.5 Small Shape Detail Placement | Checksum: 1579e7061

Time (s): cpu = 00:00:13 ; elapsed = 00:00:04 . Memory (MB): peak = 3212.699 ; gain = 0.000 ; free physical = 480 ; free virtual = 2227

Phase 3.6 Re-assign LUT pins
Phase 3.6 Re-assign LUT pins | Checksum: 14d881a2a

Time (s): cpu = 00:00:13 ; elapsed = 00:00:04 . Memory (MB): peak = 3212.699 ; gain = 0.000 ; free physical = 480 ; free virtual = 2227

Phase 3.7 Pipeline Register Optimization
Phase 3.7 Pipeline Register Optimization | Checksum: 1c4eb0b76

Time (s): cpu = 00:00:13 ; elapsed = 00:00:04 . Memory (MB): peak = 3212.699 ; gain = 0.000 ; free physical = 480 ; free virtual = 2227
Phase 3 Detail Placement | Checksum: 1c4eb0b76

Time (s): cpu = 00:00:13 ; elapsed = 00:00:04 . Memory (MB): peak = 3212.699 ; gain = 0.000 ; free physical = 480 ; free virtual = 2227

Phase 4 Post Placement Optimization and Clean-Up

Phase 4.1 Post Commit Optimization
INFO: [Timing 38-35] Done setting XDC timing constraints.

Phase 4.1.1 Post Placement Optimization
Post Placement Optimization Initialization | Checksum: 17879d0b0

Phase 4.1.1.1 BUFG Insertion

Starting Physical Synthesis Task

Phase 1 Physical Synthesis Initialization
INFO: [Physopt 32-721] Multithreading enabled for phys_opt_design using a maximum of 8 CPUs
INFO: [Physopt 32-619] Estimated Timing Summary | WNS=2.632 | TNS=0.000 |
Phase 1 Physical Synthesis Initialization | Checksum: 101e7162e

Time (s): cpu = 00:00:00.12 ; elapsed = 00:00:00.03 . Memory (MB): peak = 3212.699 ; gain = 0.000 ; free physical = 480 ; free virtual = 2227
INFO: [Place 46-56] BUFG insertion identified 0 candidate nets. Inserted BUFG: 0, Replicated BUFG Driver: 0, Skipped due to Placement/Routing Conflicts: 0, Skipped due to Timing Degradation: 0, Skipped due to Illegal Netlist: 0.
Ending Physical Synthesis Task | Checksum: 134fe5a0d

Time (s): cpu = 00:00:00.12 ; elapsed = 00:00:00.04 . Memory (MB): peak = 3212.699 ; gain = 0.000 ; free physical = 480 ; free virtual = 2227
Phase 4.1.1.1 BUFG Insertion | Checksum: 17879d0b0

Time (s): cpu = 00:00:13 ; elapsed = 00:00:04 . Memory (MB): peak = 3212.699 ; gain = 0.000 ; free physical = 480 ; free virtual = 2227
INFO: [Place 30-746] Post Placement Timing Summary WNS=2.632. For the most accurate timing information please run report_timing.

Time (s): cpu = 00:00:13 ; elapsed = 00:00:04 . Memory (MB): peak = 3212.699 ; gain = 0.000 ; free physical = 480 ; free virtual = 2227
Phase 4.1 Post Commit Optimization | Checksum: 1c2dc098c

Time (s): cpu = 00:00:13 ; elapsed = 00:00:04 . Memory (MB): peak = 3212.699 ; gain = 0.000 ; free physical = 480 ; free virtual = 2227

Phase 4.2 Post Placement Cleanup
Phase 4.2 Post Placement Cleanup | Checksum: 1c2dc098c

Time (s): cpu = 00:00:14 ; elapsed = 00:00:04 . Memory (MB): peak = 3212.699 ; gain = 0.000 ; free physical = 480 ; free virtual = 2227

Phase 4.3 Placer Reporting

Phase 4.3.1 Print Estimated Congestion
INFO: [Place 30-612] Post-Placement Estimated Congestion 
 ____________________________________________________
|           | Global Congestion | Short Congestion  |
| Direction | Region Size       | Region Size       |
|___________|___________________|___________________|
|      North|                1x1|                1x1|
|___________|___________________|___________________|
|      South|                1x1|                1x1|
|___________|___________________|___________________|
|       East|                1x1|                1x1|
|___________|___________________|___________________|
|       West|                1x1|                1x1|
|___________|___________________|___________________|

Phase 4.3.1 Print Estimated Congestion | Checksum: 1c2dc098c

Time (s): cpu = 00:00:14 ; elapsed = 00:00:04 . Memory (MB): peak = 3212.699 ; gain = 0.000 ; free physical = 480 ; free virtual = 2227
Phase 4.3 Placer Reporting | Checksum: 1c2dc098c

Time (s): cpu = 00:00:14 ; elapsed = 00:00:04 . Memory (MB): peak = 3212.699 ; gain = 0.000 ; free physical = 480 ; free virtual = 2227

Phase 4.4 Final Placement Cleanup
Netlist sorting complete. Time (s): cpu = 00:00:00 ; elapsed = 00:00:00 . Memory (MB): peak = 3212.699 ; gain = 0.000 ; free physical = 480 ; free virtual = 2227

Time (s): cpu = 00:00:14 ; elapsed = 00:00:04 . Memory (MB): peak = 3212.699 ; gain = 0.000 ; free physical = 480 ; free virtual = 2227
Phase 4 Post Placement Optimization and Clean-Up | Checksum: 19c9b3279

Time (s): cpu = 00:00:14 ; elapsed = 00:00:04 . Memory (MB): peak = 3212.699 ; gain = 0.000 ; free physical = 480 ; free virtual = 2227
Ending Placer Task | Checksum: c4e75306

Time (s): cpu = 00:00:14 ; elapsed = 00:00:04 . Memory (MB): peak = 3212.699 ; gain = 0.000 ; free physical = 480 ; free virtual = 2227
INFO: [Common 17-83] Releasing license: Implementation
66 Infos, 0 Warnings, 0 Critical Warnings and 0 Errors encountered.
place_design completed successfully
place_design: Time (s): cpu = 00:00:17 ; elapsed = 00:00:05 . Memory (MB): peak = 3212.699 ; gain = 0.000 ; free physical = 504 ; free virtual = 2251
INFO: [Timing 38-480] Writing timing data to binary archive.
Writing placer database...
Writing XDEF routing.
Writing XDEF routing logical nets.
Writing XDEF routing special nets.
Write XDEF Complete: Time (s): cpu = 00:00:00.35 ; elapsed = 00:00:00.09 . Memory (MB): peak = 3212.699 ; gain = 0.000 ; free physical = 498 ; free virtual = 2249
INFO: [Common 17-1381] The checkpoint '/home/varun/coding/fpga/xylinx/pynq_z1/mpsoc_axi_gpio/mpsoc_axi_gpio.runs/impl_1/design_1_wrapper_placed.dcp' has been generated.
INFO: [runtcl-4] Executing : report_io -file design_1_wrapper_io_placed.rpt
report_io: Time (s): cpu = 00:00:00.15 ; elapsed = 00:00:00.21 . Memory (MB): peak = 3212.699 ; gain = 0.000 ; free physical = 494 ; free virtual = 2242
INFO: [runtcl-4] Executing : report_utilization -file design_1_wrapper_utilization_placed.rpt -pb design_1_wrapper_utilization_placed.pb
INFO: [runtcl-4] Executing : report_control_sets -verbose -file design_1_wrapper_control_sets_placed.rpt
report_control_sets: Time (s): cpu = 00:00:00.06 ; elapsed = 00:00:00.13 . Memory (MB): peak = 3212.699 ; gain = 0.000 ; free physical = 502 ; free virtual = 2250
Command: phys_opt_design
Attempting to get a license for feature 'Implementation' and/or device 'xc7z020'
INFO: [Common 17-349] Got license for feature 'Implementation' and/or device 'xc7z020'
INFO: [Vivado_Tcl 4-383] Design worst setup slack (WNS) is greater than or equal to 0.000 ns. Skipping all physical synthesis optimizations.
INFO: [Vivado_Tcl 4-232] No setup violation found. The netlist was not modified.
INFO: [Common 17-83] Releasing license: Implementation
75 Infos, 0 Warnings, 0 Critical Warnings and 0 Errors encountered.
phys_opt_design completed successfully
INFO: [Timing 38-480] Writing timing data to binary archive.
Writing placer database...
Writing XDEF routing.
Writing XDEF routing logical nets.
Writing XDEF routing special nets.
Write XDEF Complete: Time (s): cpu = 00:00:00.33 ; elapsed = 00:00:00.08 . Memory (MB): peak = 3212.699 ; gain = 0.000 ; free physical = 475 ; free virtual = 2227
INFO: [Common 17-1381] The checkpoint '/home/varun/coding/fpga/xylinx/pynq_z1/mpsoc_axi_gpio/mpsoc_axi_gpio.runs/impl_1/design_1_wrapper_physopt.dcp' has been generated.
Command: route_design
Attempting to get a license for feature 'Implementation' and/or device 'xc7z020'
INFO: [Common 17-349] Got license for feature 'Implementation' and/or device 'xc7z020'
Running DRC as a precondition to command route_design
INFO: [DRC 23-27] Running DRC with 8 threads
INFO: [Vivado_Tcl 4-198] DRC finished with 0 Errors
INFO: [Vivado_Tcl 4-199] Please refer to the DRC report (report_drc) for more information.


Starting Routing Task
INFO: [Route 35-254] Multithreading enabled for route_design using a maximum of 8 CPUs
Checksum: PlaceDB: c068ea76 ConstDB: 0 ShapeSum: 47e6890 RouteDB: 0

Phase 1 Build RT Design
Phase 1 Build RT Design | Checksum: b1a62fa4

Time (s): cpu = 00:00:21 ; elapsed = 00:00:16 . Memory (MB): peak = 3212.699 ; gain = 0.000 ; free physical = 358 ; free virtual = 2108
Post Restoration Checksum: NetGraph: 20369a22 NumContArr: 916f9582 Constraints: 0 Timing: 0

Phase 2 Router Initialization

Phase 2.1 Create Timer
Phase 2.1 Create Timer | Checksum: b1a62fa4

Time (s): cpu = 00:00:21 ; elapsed = 00:00:16 . Memory (MB): peak = 3212.699 ; gain = 0.000 ; free physical = 359 ; free virtual = 2110

Phase 2.2 Fix Topology Constraints
Phase 2.2 Fix Topology Constraints | Checksum: b1a62fa4

Time (s): cpu = 00:00:21 ; elapsed = 00:00:16 . Memory (MB): peak = 3212.699 ; gain = 0.000 ; free physical = 324 ; free virtual = 2076

Phase 2.3 Pre Route Cleanup
Phase 2.3 Pre Route Cleanup | Checksum: b1a62fa4

Time (s): cpu = 00:00:21 ; elapsed = 00:00:16 . Memory (MB): peak = 3212.699 ; gain = 0.000 ; free physical = 324 ; free virtual = 2076
 Number of Nodes with overlaps = 0

Phase 2.4 Update Timing
Phase 2.4 Update Timing | Checksum: 1dae59d7f

Time (s): cpu = 00:00:22 ; elapsed = 00:00:17 . Memory (MB): peak = 3230.461 ; gain = 17.762 ; free physical = 314 ; free virtual = 2066
INFO: [Route 35-416] Intermediate Timing Summary | WNS=2.694  | TNS=0.000  | WHS=-0.146 | THS=-11.894|

Phase 2 Router Initialization | Checksum: 1b6806796

Time (s): cpu = 00:00:22 ; elapsed = 00:00:17 . Memory (MB): peak = 3230.461 ; gain = 17.762 ; free physical = 313 ; free virtual = 2065

Router Utilization Summary
  Global Vertical Routing Utilization    = 0 %
  Global Horizontal Routing Utilization  = 0 %
  Routable Net Status*
  *Does not include unroutable nets such as driverless and loadless.
  Run report_route_status for detailed report.
  Number of Failed Nets               = 1055
    (Failed Nets is the sum of unrouted and partially routed nets)
  Number of Unrouted Nets             = 1055
  Number of Partially Routed Nets     = 0
  Number of Node Overlaps             = 0


Phase 3 Initial Routing

Phase 3.1 Global Routing
Phase 3.1 Global Routing | Checksum: 1b6806796

Time (s): cpu = 00:00:22 ; elapsed = 00:00:17 . Memory (MB): peak = 3230.461 ; gain = 17.762 ; free physical = 312 ; free virtual = 2064
Phase 3 Initial Routing | Checksum: 1b12b3d0b

Time (s): cpu = 00:00:23 ; elapsed = 00:00:17 . Memory (MB): peak = 3230.461 ; gain = 17.762 ; free physical = 313 ; free virtual = 2065

Phase 4 Rip-up And Reroute

Phase 4.1 Global Iteration 0
 Number of Nodes with overlaps = 54
 Number of Nodes with overlaps = 3
 Number of Nodes with overlaps = 0
INFO: [Route 35-416] Intermediate Timing Summary | WNS=2.974  | TNS=0.000  | WHS=N/A    | THS=N/A    |

Phase 4.1 Global Iteration 0 | Checksum: 168e91cca

Time (s): cpu = 00:00:24 ; elapsed = 00:00:17 . Memory (MB): peak = 3230.461 ; gain = 17.762 ; free physical = 313 ; free virtual = 2065
Phase 4 Rip-up And Reroute | Checksum: 168e91cca

Time (s): cpu = 00:00:24 ; elapsed = 00:00:17 . Memory (MB): peak = 3230.461 ; gain = 17.762 ; free physical = 313 ; free virtual = 2065

Phase 5 Delay and Skew Optimization

Phase 5.1 Delay CleanUp

Phase 5.1.1 Update Timing
Phase 5.1.1 Update Timing | Checksum: 1992460ec

Time (s): cpu = 00:00:24 ; elapsed = 00:00:18 . Memory (MB): peak = 3230.461 ; gain = 17.762 ; free physical = 313 ; free virtual = 2065
INFO: [Route 35-416] Intermediate Timing Summary | WNS=3.089  | TNS=0.000  | WHS=N/A    | THS=N/A    |

Phase 5.1 Delay CleanUp | Checksum: 1992460ec

Time (s): cpu = 00:00:24 ; elapsed = 00:00:18 . Memory (MB): peak = 3230.461 ; gain = 17.762 ; free physical = 313 ; free virtual = 2065

Phase 5.2 Clock Skew Optimization
Phase 5.2 Clock Skew Optimization | Checksum: 1992460ec

Time (s): cpu = 00:00:24 ; elapsed = 00:00:18 . Memory (MB): peak = 3230.461 ; gain = 17.762 ; free physical = 313 ; free virtual = 2065
Phase 5 Delay and Skew Optimization | Checksum: 1992460ec

Time (s): cpu = 00:00:24 ; elapsed = 00:00:18 . Memory (MB): peak = 3230.461 ; gain = 17.762 ; free physical = 313 ; free virtual = 2065

Phase 6 Post Hold Fix

Phase 6.1 Hold Fix Iter

Phase 6.1.1 Update Timing
Phase 6.1.1 Update Timing | Checksum: 1b8e928a5

Time (s): cpu = 00:00:24 ; elapsed = 00:00:18 . Memory (MB): peak = 3230.461 ; gain = 17.762 ; free physical = 313 ; free virtual = 2065
INFO: [Route 35-416] Intermediate Timing Summary | WNS=3.089  | TNS=0.000  | WHS=0.029  | THS=0.000  |

Phase 6.1 Hold Fix Iter | Checksum: 1ba0cdc85

Time (s): cpu = 00:00:24 ; elapsed = 00:00:18 . Memory (MB): peak = 3230.461 ; gain = 17.762 ; free physical = 313 ; free virtual = 2065
Phase 6 Post Hold Fix | Checksum: 1ba0cdc85

Time (s): cpu = 00:00:24 ; elapsed = 00:00:18 . Memory (MB): peak = 3230.461 ; gain = 17.762 ; free physical = 313 ; free virtual = 2065

Phase 7 Route finalize

Router Utilization Summary
  Global Vertical Routing Utilization    = 0.18541 %
  Global Horizontal Routing Utilization  = 0.17216 %
  Routable Net Status*
  *Does not include unroutable nets such as driverless and loadless.
  Run report_route_status for detailed report.
  Number of Failed Nets               = 0
    (Failed Nets is the sum of unrouted and partially routed nets)
  Number of Unrouted Nets             = 0
  Number of Partially Routed Nets     = 0
  Number of Node Overlaps             = 0

Phase 7 Route finalize | Checksum: 1aeb4c90d

Time (s): cpu = 00:00:24 ; elapsed = 00:00:18 . Memory (MB): peak = 3230.461 ; gain = 17.762 ; free physical = 313 ; free virtual = 2065

Phase 8 Verifying routed nets

 Verification completed successfully
Phase 8 Verifying routed nets | Checksum: 1aeb4c90d

Time (s): cpu = 00:00:24 ; elapsed = 00:00:18 . Memory (MB): peak = 3230.461 ; gain = 17.762 ; free physical = 312 ; free virtual = 2064

Phase 9 Depositing Routes
Phase 9 Depositing Routes | Checksum: 1595ef28f

Time (s): cpu = 00:00:24 ; elapsed = 00:00:18 . Memory (MB): peak = 3262.477 ; gain = 49.777 ; free physical = 312 ; free virtual = 2064

Phase 10 Post Router Timing
INFO: [Route 35-57] Estimated Timing Summary | WNS=3.089  | TNS=0.000  | WHS=0.029  | THS=0.000  |

INFO: [Route 35-327] The final timing numbers are based on the router estimated timing analysis. For a complete and accurate timing signoff, please run report_timing_summary.
Phase 10 Post Router Timing | Checksum: 1595ef28f

Time (s): cpu = 00:00:25 ; elapsed = 00:00:18 . Memory (MB): peak = 3262.477 ; gain = 49.777 ; free physical = 312 ; free virtual = 2064
INFO: [Route 35-16] Router Completed Successfully

Time (s): cpu = 00:00:25 ; elapsed = 00:00:18 . Memory (MB): peak = 3262.477 ; gain = 49.777 ; free physical = 348 ; free virtual = 2100

Routing Is Done.
INFO: [Common 17-83] Releasing license: Implementation
90 Infos, 0 Warnings, 0 Critical Warnings and 0 Errors encountered.
route_design completed successfully
route_design: Time (s): cpu = 00:00:28 ; elapsed = 00:00:19 . Memory (MB): peak = 3262.477 ; gain = 49.777 ; free physical = 348 ; free virtual = 2100
INFO: [Timing 38-480] Writing timing data to binary archive.
Writing placer database...
Writing XDEF routing.
Writing XDEF routing logical nets.
Writing XDEF routing special nets.
Write XDEF Complete: Time (s): cpu = 00:00:00.53 ; elapsed = 00:00:00.14 . Memory (MB): peak = 3262.477 ; gain = 0.000 ; free physical = 337 ; free virtual = 2092
INFO: [Common 17-1381] The checkpoint '/home/varun/coding/fpga/xylinx/pynq_z1/mpsoc_axi_gpio/mpsoc_axi_gpio.runs/impl_1/design_1_wrapper_routed.dcp' has been generated.
INFO: [runtcl-4] Executing : report_drc -file design_1_wrapper_drc_routed.rpt -pb design_1_wrapper_drc_routed.pb -rpx design_1_wrapper_drc_routed.rpx
Command: report_drc -file design_1_wrapper_drc_routed.rpt -pb design_1_wrapper_drc_routed.pb -rpx design_1_wrapper_drc_routed.rpx
INFO: [IP_Flow 19-1839] IP Catalog is up to date.
INFO: [DRC 23-27] Running DRC with 8 threads
INFO: [Coretcl 2-168] The results of DRC are in file /home/varun/coding/fpga/xylinx/pynq_z1/mpsoc_axi_gpio/mpsoc_axi_gpio.runs/impl_1/design_1_wrapper_drc_routed.rpt.
report_drc completed successfully
INFO: [runtcl-4] Executing : report_methodology -file design_1_wrapper_methodology_drc_routed.rpt -pb design_1_wrapper_methodology_drc_routed.pb -rpx design_1_wrapper_methodology_drc_routed.rpx
Command: report_methodology -file design_1_wrapper_methodology_drc_routed.rpt -pb design_1_wrapper_methodology_drc_routed.pb -rpx design_1_wrapper_methodology_drc_routed.rpx
INFO: [Timing 38-35] Done setting XDC timing constraints.
INFO: [DRC 23-133] Running Methodology with 8 threads
INFO: [Coretcl 2-1520] The results of Report Methodology are in file /home/varun/coding/fpga/xylinx/pynq_z1/mpsoc_axi_gpio/mpsoc_axi_gpio.runs/impl_1/design_1_wrapper_methodology_drc_routed.rpt.
report_methodology completed successfully
INFO: [runtcl-4] Executing : report_power -file design_1_wrapper_power_routed.rpt -pb design_1_wrapper_power_summary_routed.pb -rpx design_1_wrapper_power_routed.rpx
Command: report_power -file design_1_wrapper_power_routed.rpt -pb design_1_wrapper_power_summary_routed.pb -rpx design_1_wrapper_power_routed.rpx
INFO: [Timing 38-35] Done setting XDC timing constraints.
Running Vector-less Activity Propagation...

Finished Running Vector-less Activity Propagation
102 Infos, 0 Warnings, 0 Critical Warnings and 0 Errors encountered.
report_power completed successfully
INFO: [runtcl-4] Executing : report_route_status -file design_1_wrapper_route_status.rpt -pb design_1_wrapper_route_status.pb
INFO: [runtcl-4] Executing : report_timing_summary -max_paths 10 -file design_1_wrapper_timing_summary_routed.rpt -pb design_1_wrapper_timing_summary_routed.pb -rpx design_1_wrapper_timing_summary_routed.rpx -warn_on_violation 
INFO: [Timing 38-91] UpdateTimingParams: Speed grade: -1, Delay Type: min_max.
INFO: [Timing 38-191] Multithreading enabled for timing update using a maximum of 8 CPUs
INFO: [runtcl-4] Executing : report_incremental_reuse -file design_1_wrapper_incremental_reuse_routed.rpt
INFO: [Vivado_Tcl 4-1062] Incremental flow is disabled. No incremental reuse Info to report.
INFO: [runtcl-4] Executing : report_clock_utilization -file design_1_wrapper_clock_utilization_routed.rpt
INFO: [runtcl-4] Executing : report_bus_skew -warn_on_violation -file design_1_wrapper_bus_skew_routed.rpt -pb design_1_wrapper_bus_skew_routed.pb -rpx design_1_wrapper_bus_skew_routed.rpx
INFO: [Timing 38-91] UpdateTimingParams: Speed grade: -1, Delay Type: min_max.
INFO: [Timing 38-191] Multithreading enabled for timing update using a maximum of 8 CPUs
Command: write_bitstream -force design_1_wrapper.bit
Attempting to get a license for feature 'Implementation' and/or device 'xc7z020'
INFO: [Common 17-349] Got license for feature 'Implementation' and/or device 'xc7z020'
Running DRC as a precondition to command write_bitstream
INFO: [IP_Flow 19-1839] IP Catalog is up to date.
INFO: [DRC 23-27] Running DRC with 8 threads
INFO: [Vivado 12-3199] DRC finished with 0 Errors
INFO: [Vivado 12-3200] Please refer to the DRC report (report_drc) for more information.
INFO: [Designutils 20-2272] Running write_bitstream with 8 threads.
Loading data files...
Loading site data...
Loading route data...
Processing options...
Creating bitmap...
Creating bitstream...
Writing bitstream ./design_1_wrapper.bit...
INFO: [Vivado 12-1842] Bitgen Completed Successfully.
INFO: [Project 1-120] WebTalk data collection is mandatory when using a WebPACK part without a full Vivado license. To see the specific WebTalk data collected for your design, open the usage_statistics_webtalk.html or usage_statistics_webtalk.xml file in the implementation directory.
INFO: [Common 17-186] '/home/varun/coding/fpga/xylinx/pynq_z1/mpsoc_axi_gpio/mpsoc_axi_gpio.runs/impl_1/usage_statistics_webtalk.xml' has been successfully sent to Xilinx on Sat Jun 12 19:48:25 2021. For additional details about this file, please refer to the WebTalk help file at /home/varun/tools/XilinX/Vivado/2020.2/doc/webtalk_introduction.html.
INFO: [Common 17-83] Releasing license: Implementation
13 Infos, 0 Warnings, 0 Critical Warnings and 0 Errors encountered.
write_bitstream completed successfully
write_bitstream: Time (s): cpu = 00:00:15 ; elapsed = 00:00:20 . Memory (MB): peak = 3576.738 ; gain = 212.871 ; free physical = 486 ; free virtual = 2072
INFO: [Common 17-206] Exiting Vivado at Sat Jun 12 19:48:25 2021...
