Copyright 1986-2020 Xilinx, Inc. All Rights Reserved.
------------------------------------------------------------------------------------------------------------------------------------------------------------------------------------------
| Tool Version : Vivado v.2020.2 (lin64) Build 3064766 Wed Nov 18 09:12:47 MST 2020
| Date         : Fri Jun  4 10:51:15 2021
| Host         : varun-UX430UNR running 64-bit Ubuntu 20.04.2 LTS
| Command      : report_drc -file mpsoc_only_ps_gpio_design_wrapper_drc_opted.rpt -pb mpsoc_only_ps_gpio_design_wrapper_drc_opted.pb -rpx mpsoc_only_ps_gpio_design_wrapper_drc_opted.rpx
| Design       : mpsoc_only_ps_gpio_design_wrapper
| Device       : xc7z020clg400-1
| Speed File   : -1
| Design State : Synthesized
------------------------------------------------------------------------------------------------------------------------------------------------------------------------------------------

Report DRC

Table of Contents
-----------------
1. REPORT SUMMARY
2. REPORT DETAILS

1. REPORT SUMMARY
-----------------
            Netlist: netlist
          Floorplan: design_1
      Design limits: <entire design considered>
           Ruledeck: default
             Max violations: <unlimited>
             Violations found: 0
+------+----------+-------------+------------+
| Rule | Severity | Description | Violations |
+------+----------+-------------+------------+
+------+----------+-------------+------------+

2. REPORT DETAILS
-----------------

