07:37:39 INFO  : Launching XSCT server: xsct -n  -interactive /home/varun/coding/fpga/xylinx/pynq_z1/mpsoc_axi_gpio/sw/temp_xsdb_launch_script.tcl
07:37:39 INFO  : Registering command handlers for Vitis TCF services
07:37:46 INFO  : XSCT server has started successfully.
07:37:46 INFO  : plnx-install-location is set to ''
07:37:47 INFO  : Platform repository initialization has completed.
07:37:47 INFO  : Successfully done setting XSCT server connection channel  
07:37:47 INFO  : Successfully done query RDI_DATADIR 
07:37:47 INFO  : Successfully done setting workspace for the tool. 
07:38:37 INFO  : Result from executing command 'getProjects': mpsoc_axi_gpio_platform
07:38:37 INFO  : Result from executing command 'getPlatforms': 
07:39:31 INFO  : Result from executing command 'getProjects': mpsoc_axi_gpio_platform
07:39:31 INFO  : Result from executing command 'getPlatforms': mpsoc_axi_gpio_platform|/home/varun/coding/fpga/xylinx/pynq_z1/mpsoc_axi_gpio/sw/mpsoc_axi_gpio_platform/export/mpsoc_axi_gpio_platform/mpsoc_axi_gpio_platform.xpfm
07:50:22 INFO  : Checking for BSP changes to sync application flags for project 'mpsoc_axi_gpio_app'...
07:50:39 INFO  : Connected to target on host '127.0.0.1' and port '3121'.
07:50:40 INFO  : Jtag cable 'Xilinx PYNQ-Z1 003017AD4141A' is selected.
07:50:40 INFO  : 'jtag frequency' command is executed.
07:50:40 INFO  : Context for 'APU' is selected.
07:50:40 INFO  : System reset is completed.
07:50:43 INFO  : 'after 3000' command is executed.
07:50:43 INFO  : 'targets -set -filter {jtag_cable_name =~ "Xilinx PYNQ-Z1 003017AD4141A" && level==0 && jtag_device_ctx=="jsn-Xilinx PYNQ-Z1-003017AD4141A-23727093-0"}' command is executed.
07:50:46 INFO  : Device configured successfully with "/home/varun/coding/fpga/xylinx/pynq_z1/mpsoc_axi_gpio/sw/mpsoc_axi_gpio_app/_ide/bitstream/mpsoc_axi_gpio_hw_export.bit"
07:50:46 INFO  : Context for 'APU' is selected.
07:50:46 INFO  : Hardware design and registers information is loaded from '/home/varun/coding/fpga/xylinx/pynq_z1/mpsoc_axi_gpio/sw/mpsoc_axi_gpio_platform/export/mpsoc_axi_gpio_platform/hw/mpsoc_axi_gpio_hw_export.xsa'.
07:50:46 INFO  : 'configparams force-mem-access 1' command is executed.
07:50:46 INFO  : Context for 'APU' is selected.
07:50:46 INFO  : Sourcing of '/home/varun/coding/fpga/xylinx/pynq_z1/mpsoc_axi_gpio/sw/mpsoc_axi_gpio_app/_ide/psinit/ps7_init.tcl' is done.
07:50:46 INFO  : 'ps7_init' command is executed.
07:50:46 INFO  : 'ps7_post_config' command is executed.
07:50:46 INFO  : Context for processor 'ps7_cortexa9_0' is selected.
07:50:46 INFO  : The application '/home/varun/coding/fpga/xylinx/pynq_z1/mpsoc_axi_gpio/sw/mpsoc_axi_gpio_app/Debug/mpsoc_axi_gpio_app.elf' is downloaded to processor 'ps7_cortexa9_0'.
07:50:46 INFO  : 'configparams force-mem-access 0' command is executed.
07:50:46 INFO  : ----------------XSDB Script----------------
connect -url tcp:127.0.0.1:3121
targets -set -nocase -filter {name =~"APU*"}
rst -system
after 3000
targets -set -filter {jtag_cable_name =~ "Xilinx PYNQ-Z1 003017AD4141A" && level==0 && jtag_device_ctx=="jsn-Xilinx PYNQ-Z1-003017AD4141A-23727093-0"}
fpga -file /home/varun/coding/fpga/xylinx/pynq_z1/mpsoc_axi_gpio/sw/mpsoc_axi_gpio_app/_ide/bitstream/mpsoc_axi_gpio_hw_export.bit
targets -set -nocase -filter {name =~"APU*"}
loadhw -hw /home/varun/coding/fpga/xylinx/pynq_z1/mpsoc_axi_gpio/sw/mpsoc_axi_gpio_platform/export/mpsoc_axi_gpio_platform/hw/mpsoc_axi_gpio_hw_export.xsa -mem-ranges [list {0x40000000 0xbfffffff}] -regs
configparams force-mem-access 1
targets -set -nocase -filter {name =~"APU*"}
source /home/varun/coding/fpga/xylinx/pynq_z1/mpsoc_axi_gpio/sw/mpsoc_axi_gpio_app/_ide/psinit/ps7_init.tcl
ps7_init
ps7_post_config
targets -set -nocase -filter {name =~ "*A9*#0"}
dow /home/varun/coding/fpga/xylinx/pynq_z1/mpsoc_axi_gpio/sw/mpsoc_axi_gpio_app/Debug/mpsoc_axi_gpio_app.elf
configparams force-mem-access 0
----------------End of Script----------------

07:50:46 INFO  : Context for processor 'ps7_cortexa9_0' is selected.
07:50:46 INFO  : 'con' command is executed.
07:50:46 INFO  : ----------------XSDB Script (After Launch)----------------
targets -set -nocase -filter {name =~ "*A9*#0"}
con
----------------End of Script----------------

07:50:46 INFO  : Launch script is exported to file '/home/varun/coding/fpga/xylinx/pynq_z1/mpsoc_axi_gpio/sw/mpsoc_axi_gpio_system/_ide/scripts/systemdebugger_mpsoc_axi_gpio_system_standalone.tcl'
07:54:43 INFO  : Checking for BSP changes to sync application flags for project 'mpsoc_axi_gpio_app'...
07:55:10 INFO  : Checking for BSP changes to sync application flags for project 'mpsoc_axi_gpio_app'...
07:55:29 INFO  : Disconnected from the channel tcfchan#3.
07:55:29 INFO  : Connected to target on host '127.0.0.1' and port '3121'.
07:55:29 INFO  : Jtag cable 'Xilinx PYNQ-Z1 003017AD4141A' is selected.
07:55:29 INFO  : 'jtag frequency' command is executed.
07:55:29 INFO  : Context for 'APU' is selected.
07:55:30 INFO  : System reset is completed.
07:55:33 INFO  : 'after 3000' command is executed.
07:55:33 INFO  : 'targets -set -filter {jtag_cable_name =~ "Xilinx PYNQ-Z1 003017AD4141A" && level==0 && jtag_device_ctx=="jsn-Xilinx PYNQ-Z1-003017AD4141A-23727093-0"}' command is executed.
07:55:35 INFO  : Device configured successfully with "/home/varun/coding/fpga/xylinx/pynq_z1/mpsoc_axi_gpio/sw/mpsoc_axi_gpio_app/_ide/bitstream/mpsoc_axi_gpio_hw_export.bit"
07:55:35 INFO  : Context for 'APU' is selected.
07:55:35 INFO  : Hardware design and registers information is loaded from '/home/varun/coding/fpga/xylinx/pynq_z1/mpsoc_axi_gpio/sw/mpsoc_axi_gpio_platform/export/mpsoc_axi_gpio_platform/hw/mpsoc_axi_gpio_hw_export.xsa'.
07:55:35 INFO  : 'configparams force-mem-access 1' command is executed.
07:55:35 INFO  : Context for 'APU' is selected.
07:55:35 INFO  : Sourcing of '/home/varun/coding/fpga/xylinx/pynq_z1/mpsoc_axi_gpio/sw/mpsoc_axi_gpio_app/_ide/psinit/ps7_init.tcl' is done.
07:55:35 INFO  : 'ps7_init' command is executed.
07:55:35 INFO  : 'ps7_post_config' command is executed.
07:55:35 INFO  : Context for processor 'ps7_cortexa9_0' is selected.
07:55:36 INFO  : The application '/home/varun/coding/fpga/xylinx/pynq_z1/mpsoc_axi_gpio/sw/mpsoc_axi_gpio_app/Debug/mpsoc_axi_gpio_app.elf' is downloaded to processor 'ps7_cortexa9_0'.
07:55:36 INFO  : 'configparams force-mem-access 0' command is executed.
07:55:36 INFO  : ----------------XSDB Script----------------
connect -url tcp:127.0.0.1:3121
targets -set -nocase -filter {name =~"APU*"}
rst -system
after 3000
targets -set -filter {jtag_cable_name =~ "Xilinx PYNQ-Z1 003017AD4141A" && level==0 && jtag_device_ctx=="jsn-Xilinx PYNQ-Z1-003017AD4141A-23727093-0"}
fpga -file /home/varun/coding/fpga/xylinx/pynq_z1/mpsoc_axi_gpio/sw/mpsoc_axi_gpio_app/_ide/bitstream/mpsoc_axi_gpio_hw_export.bit
targets -set -nocase -filter {name =~"APU*"}
loadhw -hw /home/varun/coding/fpga/xylinx/pynq_z1/mpsoc_axi_gpio/sw/mpsoc_axi_gpio_platform/export/mpsoc_axi_gpio_platform/hw/mpsoc_axi_gpio_hw_export.xsa -mem-ranges [list {0x40000000 0xbfffffff}] -regs
configparams force-mem-access 1
targets -set -nocase -filter {name =~"APU*"}
source /home/varun/coding/fpga/xylinx/pynq_z1/mpsoc_axi_gpio/sw/mpsoc_axi_gpio_app/_ide/psinit/ps7_init.tcl
ps7_init
ps7_post_config
targets -set -nocase -filter {name =~ "*A9*#0"}
dow /home/varun/coding/fpga/xylinx/pynq_z1/mpsoc_axi_gpio/sw/mpsoc_axi_gpio_app/Debug/mpsoc_axi_gpio_app.elf
configparams force-mem-access 0
----------------End of Script----------------

07:55:36 INFO  : Context for processor 'ps7_cortexa9_0' is selected.
07:55:36 INFO  : 'con' command is executed.
07:55:36 INFO  : ----------------XSDB Script (After Launch)----------------
targets -set -nocase -filter {name =~ "*A9*#0"}
con
----------------End of Script----------------

07:55:36 INFO  : Launch script is exported to file '/home/varun/coding/fpga/xylinx/pynq_z1/mpsoc_axi_gpio/sw/mpsoc_axi_gpio_system/_ide/scripts/systemdebugger_mpsoc_axi_gpio_system_standalone.tcl'
07:59:08 INFO  : Disconnected from the channel tcfchan#5.
